<?xml version="1.0" encoding="UTF-8"?>
<!-- Generated by org.testng.reporters.JUnitReportReporter -->
<testsuite skipped="0" hostname="Sudipas-MacBook-Pro.local" name="com.selenium.testing.assesment.tests.SearchFlightsTest" tests="1" failures="0" timestamp="2022-02-24T18:33:38 IST" time="32.939" errors="0">
  <testcase name="testFlights" time="32.939" classname="com.selenium.testing.assesment.tests.SearchFlightsTest"/>
  <system-out/>
</testsuite> <!-- com.selenium.testing.assesment.tests.SearchFlightsTest -->
