<?xml version="1.0" encoding="UTF-8"?>
<!-- Generated by org.testng.reporters.JUnitReportReporter -->
<testsuite skipped="0" hostname="Sudipas-MacBook-Pro.local" name="com.selenium.testing.assesment.SearchFlightsTest" tests="1" failures="0" timestamp="2022-02-23T09:36:24 IST" time="30.378" errors="0">
  <testcase name="testFlights" time="30.378" classname="com.selenium.testing.assesment.SearchFlightsTest"/>
  <system-out/>
</testsuite> <!-- com.selenium.testing.assesment.SearchFlightsTest -->
