<?xml version="1.0" encoding="UTF-8"?>
<!-- Generated by org.testng.reporters.JUnitReportReporter -->
<testsuite skipped="0" hostname="Sudipas-MacBook-Pro.local" name="com.selenium.testing.assesment.tests.SearchFlightsTest" tests="1" failures="0" timestamp="2022-02-23T16:54:25 IST" time="27.893" errors="0">
  <testcase name="testFlights" time="27.893" classname="com.selenium.testing.assesment.tests.SearchFlightsTest"/>
  <system-out/>
</testsuite> <!-- com.selenium.testing.assesment.tests.SearchFlightsTest -->
